**********************
Début de la transcription Windows Powershell
Heure de début : 20170829235006
Nom d'utilisateur : ANTEC\Mister doubs
Utilisateur runAs : ANTEC\Mister doubs
Ordinateur : ANTEC (Microsoft Windows NT 10.0.14393.0)
Application hôte : powershell.exe -ExecutionPolicy Unrestricted -WindowStyle Hidden -File \\HOMERSTATION\_LossLess\_INVENT\DBAlbumsQT5\PS1\UPDATE_ALBUMS.ps1 -Envt LOSSLESS -TypeOpe "ADD|ADD|ADD|ADD|ADD|ADD|ADD|ADD|ADD|ADD|ADD|ADD|ADD|ADD|ADD|DELETE" -AlbumInfos "\\HOMERSTATION\_LossLess\TECHNO\Labels\Cocoon Recordings\[COR12117] Extrawelt & Dominik Eulberg - ...A Little Further (2014)|\\HOMERSTATION\_LossLess\TECHNO\Labels\Traum Schallplatten\[Traum V105] Extrawelt - Mind Over Doesn't Matter (2008)|\\HOMERSTATION\_LossLess\TECHNO\Labels\Worakls\Worakls - Rapafromage EP [Diva Records] (Italy) (2010)|\\HOMERSTATION\_LossLess\TECHNO\Labels\Worakls\Worakls - All Night Long! [Lift'In Rec] (2009)|\\HOMERSTATION\_LossLess\TECHNO\Labels\Worakls\Worakls - Chroniques Variees EP [Inlab Recordings] (2012)|\\HOMERSTATION\_LossLess\TECHNO\Labels\Worakls\Worakls - Et La Pluie Tomba EP [HGM037] (2012)|\\HOMERSTATION\_LossLess\TECHNO\Labels\Worakls\Worakls - Flocon de Neige [Hungry Music] (2014)|\\HOMERSTATION\_LossLess\TECHNO\Labels\Worakls\Worakls - Good Night My Love [Parquet Recordings] (2013)|\\HOMERSTATION\_LossLess\TECHNO\Labels\Worakls\Worakls - Mellotron [Hungry Music] (2016)|\\HOMERSTATION\_LossLess\TECHNO\Labels\Worakls\Worakls - Nocturne [Hungry Music] (2017)|\\HOMERSTATION\_LossLess\TECHNO\Labels\Worakls\Worakls - Purple Sunset [Stereo Seven Plus] (2010)|\\HOMERSTATION\_LossLess\TECHNO\Labels\Worakls\Worakls - Toi - Cerisier Blanc [Hungry Music] (2015)|\\HOMERSTATION\_LossLess\TECHNO\Download\N'to - La Cle Des Champs [Hungry Music] (2016)|\\HOMERSTATION\_LossLess\TECHNO\Download\Stereoclip - Airplane Lesson [Hungry Music] (2017)|\\HOMERSTATION\_LossLess\TECHNO\Download\VA - Remix EP 01 [Hungry Music] (2016)|3135" -Category "TECHNO|TECHNO|TECHNO|TECHNO|TECHNO|TECHNO|TECHNO|TECHNO|TECHNO|TECHNO|TECHNO|TECHNO|TECHNO|TECHNO|TECHNO|TECHNO" -Family "Label/Physique|Label/Physique|Label/Physique|Label/Physique|Label/Physique|Label/Physique|Label/Physique|Label/Physique|Label/Physique|Label/Physique|Label/Physique|Label/Physique|Download|Download|Download|" -Force
ID de processus : 16108
PSVersion: 5.1.14393.1532
PSEdition: Desktop
PSCompatibleVersions: 1.0, 2.0, 3.0, 4.0, 5.0, 5.1.14393.1532
BuildVersion: 10.0.14393.1532
CLRVersion: 4.0.30319.42000
WSManStackVersion: 3.0
PSRemotingProtocolVersion: 2.3
SerializationVersion: 1.1.0.1
**********************

ModuleType Version    Name                                ExportedCommands
---------- -------    ----                                ----------------
Manifest   0.4        PSBanner                            {Get-FontFamilies, Write-Banner, psbanner}
********** 23:50:06 -- Durée: 0 sec -- START ADD_ALBUMS_LOSSLESS *******************************************************************************************
********** 23:50:07 -- Durée: 1 sec -- ADD   : TECHNO Label/Physique \\HOMERSTATION\_LossLess\TECHNO\Labels\Cocoon Recordings\[COR12117] Extrawelt & Dominik Eulberg - ...A Little Further (2014) (1/16) *
********** 23:50:07 -- Durée: 0 sec -- Add album folder=sAlbum_Rep *****************************************************************************************

ID_CD Name                                               Qty_Tracks Qty_CD Qty_audio Qty_covers Year Length   Path                                              
----- ----                                               ---------- ------ --------- ---------- ---- ------   ----                                              
 4732 Extrawelt & Dominik Eulberg - ...A Little Further           3      1         3          1 2014 00:21:59 \\HOMERSTATION\_LossLess\TECHNO\Labels\Cocoon R...

ODR_Track FIL_Track                                                                 TAG_Albumartists            TAG_Artists                 TAG_Album          
--------- ---------                                                                 ----------------            -----------                 ---------          
1-01      01 Extrawelt & Dominik Eulberg - A Little Further (Not On A Map).flac     Extrawelt / Dominik Eulberg Extrawelt / Dominik Eulberg ...A Little Further
1-02      02 Extrawelt & Dominik Eulberg - A Little Further (37 Routes).flac        Extrawelt / Dominik Eulberg Extrawelt / Dominik Eulberg ...A Little Further
1-03      03 Extrawelt & Dominik Eulberg - A Little Further (Imaginary Escort).flac Extrawelt / Dominik Eulberg Extrawelt / Dominik Eulberg ...A Little Further
********** 23:50:09 -- Durée: 3 sec -- ADD   : TECHNO Label/Physique \\HOMERSTATION\_LossLess\TECHNO\Labels\Traum Schallplatten\[Traum V105] Extrawelt - Mind Over Doesn't Matter (2008) (2/16) *
********** 23:50:09 -- Durée: 0 sec -- Add album folder=sAlbum_Rep *****************************************************************************************

ID_CD Name                                  Qty_Tracks Qty_CD Qty_audio Qty_covers Year Length   Path                                                           
----- ----                                  ---------- ------ --------- ---------- ---- ------   ----                                                           
 4733 Extrawelt - Mind Over Doesn't Matter           3      1         3          1 2008 00:21:16 \\HOMERSTATION\_LossLess\TECHNO\Labels\Traum Schallplatten\[...

ODR_Track FIL_Track                                             TAG_Albumartists TAG_Artists TAG_Album                TAG_length TAG_Genres        
--------- ---------                                             ---------------- ----------- ---------                ---------- ----------        
1-01      01 Extrawelt - Im Garten Von Eben.flac                Extrawelt        Extrawelt   Mind Over Doesn't Matter 00:07:36   Minimal/Tech House
1-02      02 Extrawelt - Erste Unversicherte Allgemeinheit.flac Extrawelt        Extrawelt   Mind Over Doesn't Matter 00:06:11   Minimal/Tech House
1-03      03 Extrawelt - Aufnahmezustand.flac                   Extrawelt        Extrawelt   Mind Over Doesn't Matter 00:07:29   Minimal/Tech House
********** 23:50:10 -- Durée: 4 sec -- ADD   : TECHNO Label/Physique \\HOMERSTATION\_LossLess\TECHNO\Labels\Worakls\Worakls - Rapafromage EP [Diva Records] (Italy) (2010) (3/16) *
********** 23:50:10 -- Durée: 0 sec -- Add album folder=sAlbum_Rep *****************************************************************************************

ID_CD Name                                             Qty_Tracks Qty_CD Qty_audio Qty_covers Year Length   Path                                                
----- ----                                             ---------- ------ --------- ---------- ---- ------   ----                                                
 4734 Worakls - Rapafromage EP [Diva Records] (Italy)           2      1         2          1 2010 00:15:46 \\HOMERSTATION\_LossLess\TECHNO\Labels\Worakls\Wo...

ODR_Track FIL_Track                            TAG_Albumartists TAG_Artists           TAG_Album      TAG_length TAG_Genres
--------- ---------                            ---------------- -----------           ---------      ---------- ----------
01        01. Rapafromage (Original Mix).flac                   Worakls, Nicolas Cuer Rapafromage EP 00:07:08   Techno    
02        02. Nuit Blanche (Original Mix).flac                  Worakls, Nicolas Cuer Rapafromage EP 00:08:38   Techno
********** 23:50:10 -- Durée: 4 sec -- ADD   : TECHNO Label/Physique \\HOMERSTATION\_LossLess\TECHNO\Labels\Worakls\Worakls - All Night Long! [Lift'In Rec] (2009) (4/16) *
********** 23:50:10 -- Durée: 0 sec -- Add album folder=sAlbum_Rep *****************************************************************************************

ID_CD Name                                     Qty_Tracks Qty_CD Qty_audio Qty_covers Year Length   Path                                                        
----- ----                                     ---------- ------ --------- ---------- ---- ------   ----                                                        
 4735 Worakls - All Night Long! [Lift'In Rec]           4      1         4          1 2009 00:30:00 \\HOMERSTATION\_LossLess\TECHNO\Labels\Worakls\Worakls - ...

ODR_Track FIL_Track                              TAG_Albumartists TAG_Artists TAG_Album       TAG_length TAG_Genres       
--------- ---------                              ---------------- ----------- ---------       ---------- ----------       
01        01. All Night Long (Original Mix).flac                  Worakls     All Night Long! 00:07:08   Progressive House
02        02. Clock (Original Mix).flac                           Worakls     All Night Long! 00:07:30   Progressive House
03        03. Eibrab (Original Mix).flac                          Worakls     All Night Long! 00:07:22   Progressive House
04        04. Play Me (Original Mix).flac                         Worakls     All Night Long! 00:08:00   Progressive House
********** 23:50:12 -- Durée: 6 sec -- ADD   : TECHNO Label/Physique \\HOMERSTATION\_LossLess\TECHNO\Labels\Worakls\Worakls - Chroniques Variees EP [Inlab Recordings] (2012) (5/16) *
********** 23:50:12 -- Durée: 0 sec -- Add album folder=sAlbum_Rep *****************************************************************************************

ID_CD Name                                                Qty_Tracks Qty_CD Qty_audio Qty_covers Year Length   Path                                             
----- ----                                                ---------- ------ --------- ---------- ---- ------   ----                                             
 4736 Worakls - Chroniques Variees EP [Inlab Recordings]           5      1         5          1 2012 00:35:34 \\HOMERSTATION\_LossLess\TECHNO\Labels\Worakls...

ODR_Track FIL_Track                                  TAG_Albumartists TAG_Artists TAG_Album             TAG_length TAG_Genres
--------- ---------                                  ---------------- ----------- ---------             ---------- ----------
01        01. Metaphore (Original Mix).flac                           Worakls     Chroniques Variees EP 00:05:32   Techno    
02        02. Souvenir (Original Mix).flac                            Worakls     Chroniques Variees EP 00:07:53   Techno    
03        03. Insolence (Original Mix).flac                           Worakls     Chroniques Variees EP 00:06:30   Techno    
04        04. Souvenir (N'to Remix).flac                              Worakls     Chroniques Variees EP 00:08:16   Techno    
05        05. Metaphore (Joris Delacroix Remix).flac                  Worakls     Chroniques Variees EP 00:07:24   Techno
********** 23:50:13 -- Durée: 7 sec -- ADD   : TECHNO Label/Physique \\HOMERSTATION\_LossLess\TECHNO\Labels\Worakls\Worakls - Et La Pluie Tomba EP [HGM037] (2012) (6/16) *
********** 23:50:13 -- Durée: 0 sec -- Add album folder=sAlbum_Rep *****************************************************************************************

ID_CD Name                                     Qty_Tracks Qty_CD Qty_audio Qty_covers Year Length   Path                                                        
----- ----                                     ---------- ------ --------- ---------- ---- ------   ----                                                        
 4737 Worakls - Et La Pluie Tomba EP [HGM037]           4      1         4          1 2012 00:32:15 \\HOMERSTATION\_LossLess\TECHNO\Labels\Worakls\Worakls - ...

ODR_Track FIL_Track                                    TAG_Albumartists TAG_Artists TAG_Album            TAG_length TAG_Genres
--------- ---------                                    ---------------- ----------- ---------            ---------- ----------
01        01. Chemin (Original Mix).flac                                Worakls     Et La Pluie Tomba EP 00:07:24   Techno    
02        02. Et La Pluie Tomba (Original Mix).flac                     Worakls     Et La Pluie Tomba EP 00:09:25   Techno    
03        03. Soleil De Plomb (Original Mix).flac                       Worakls     Et La Pluie Tomba EP 00:08:15   Techno    
04        04. Soleil De Plomb (Andrea Roma Remix).flac                  Worakls     Et La Pluie Tomba EP 00:07:11   Techno
********** 23:50:15 -- Durée: 9 sec -- ADD   : TECHNO Label/Physique \\HOMERSTATION\_LossLess\TECHNO\Labels\Worakls\Worakls - Flocon de Neige [Hungry Music] (2014) (7/16) *
********** 23:50:15 -- Durée: 0 sec -- Add album folder=sAlbum_Rep *****************************************************************************************

ID_CD Name                                      Qty_Tracks Qty_CD Qty_audio Qty_covers Year Length   Path                                                       
----- ----                                      ---------- ------ --------- ---------- ---- ------   ----                                                       
 4738 Worakls - Flocon de Neige [Hungry Music]           2      1         2          1 2014 00:12:56 \\HOMERSTATION\_LossLess\TECHNO\Labels\Worakls\Worakls -...

ODR_Track FIL_Track                               TAG_Albumartists TAG_Artists TAG_Album       TAG_length TAG_Genres
--------- ---------                               ---------------- ----------- ---------       ---------- ----------
01        01. Flocon de Neige (Original Mix).flac                  Worakls     Flocon de Neige 00:06:21   Deep House
02        02. Elea (Original Mix).flac                             Worakls     Flocon de Neige 00:06:36   Chill Out
********** 23:50:15 -- Durée: 9 sec -- ADD   : TECHNO Label/Physique \\HOMERSTATION\_LossLess\TECHNO\Labels\Worakls\Worakls - Good Night My Love [Parquet Recordings] (2013) (8/16) *
********** 23:50:15 -- Durée: 0 sec -- Add album folder=sAlbum_Rep *****************************************************************************************

ID_CD Name                                               Qty_Tracks Qty_CD Qty_audio Qty_covers Year Length   Path                                              
----- ----                                               ---------- ------ --------- ---------- ---- ------   ----                                              
 4739 Worakls - Good Night My Love [Parquet Recordings]           4      1         4          1 2013 00:28:43 \\HOMERSTATION\_LossLess\TECHNO\Labels\Worakls\...

ODR_Track FIL_Track                                          TAG_Albumartists TAG_Artists TAG_Album          TAG_length TAG_Genres
--------- ---------                                          ---------------- ----------- ---------          ---------- ----------
01        01. Good Night My Love (Original Mix).flac                          Worakls     Good Night My Love 00:06:06   Tech House
02        02. Good Night My Love (Joachim_Pastor Remix).flac                  Worakls     Good Night My Love 00:06:43   Deep House
03        03. Bleu (Original Mix).flac                                        Worakls     Good Night My Love 00:07:46   Deep House
04        04. Bleu (N'to Remix).flac                                          Worakls     Good Night My Love 00:08:07   Deep House
********** 23:50:16 -- Durée: 10 sec -- ADD   : TECHNO Label/Physique \\HOMERSTATION\_LossLess\TECHNO\Labels\Worakls\Worakls - Mellotron [Hungry Music] (2016) (9/16) *
********** 23:50:16 -- Durée: 0 sec -- Add album folder=sAlbum_Rep *****************************************************************************************

ID_CD Name                                Qty_Tracks Qty_CD Qty_audio Qty_covers Year Length   Path                                                             
----- ----                                ---------- ------ --------- ---------- ---- ------   ----                                                             
 4740 Worakls - Mellotron [Hungry Music]           2      1         2          1 2016 00:13:39 \\HOMERSTATION\_LossLess\TECHNO\Labels\Worakls\Worakls - Mello...

ODR_Track FIL_Track                      TAG_Albumartists TAG_Artists TAG_Album TAG_length TAG_Genres        
--------- ---------                      ---------------- ----------- --------- ---------- ----------        
01        01. Worakls - Mellotron.flac   Worakls          Worakls     Mellotron 00:07:14   Minimal/tech house
02        02. Worakls - Pandemonium.flac Worakls          Worakls     Mellotron 00:06:25   Minimal/tech house
********** 23:50:17 -- Durée: 11 sec -- ADD   : TECHNO Label/Physique \\HOMERSTATION\_LossLess\TECHNO\Labels\Worakls\Worakls - Nocturne [Hungry Music] (2017) (10/16) *
********** 23:50:17 -- Durée: 0 sec -- Add album folder=sAlbum_Rep *****************************************************************************************

ID_CD Name                               Qty_Tracks Qty_CD Qty_audio Qty_covers Year Length   Path                                                              
----- ----                               ---------- ------ --------- ---------- ---- ------   ----                                                              
 4741 Worakls - Nocturne [Hungry Music]           1      1         1          1 2017 00:09:09 \\HOMERSTATION\_LossLess\TECHNO\Labels\Worakls\Worakls - Noctur...

ODR_Track FIL_Track        TAG_Albumartists TAG_Artists TAG_Album TAG_length TAG_Genres       
--------- ---------        ---------------- ----------- --------- ---------- ----------       
01        1. Nocturne.flac Worakls          Worakls     Nocturne  00:09:09   Progressive house
********** 23:50:17 -- Durée: 12 sec -- ADD   : TECHNO Label/Physique \\HOMERSTATION\_LossLess\TECHNO\Labels\Worakls\Worakls - Purple Sunset [Stereo Seven Plus] (2010) (11/16) *
********** 23:50:17 -- Durée: 0 sec -- Add album folder=sAlbum_Rep *****************************************************************************************

ID_CD Name                                         Qty_Tracks Qty_CD Qty_audio Qty_covers Year Length   Path                                                    
----- ----                                         ---------- ------ --------- ---------- ---- ------   ----                                                    
 4742 Worakls - Purple Sunset [Stereo Seven Plus]           2      1         2          1 2010 00:13:53 \\HOMERSTATION\_LossLess\TECHNO\Labels\Worakls\Worakl...

ODR_Track FIL_Track                                       TAG_Albumartists TAG_Artists TAG_Album     TAG_length TAG_Genres       
--------- ---------                                       ---------------- ----------- ---------     ---------- ----------       
01        01. Purple Sunset (Original Mix).flac                            Worakls     Purple Sunset 00:07:10   Progressive House
02        02. Purple Sunset (Andrea Bertolini Remix).flac                  Worakls     Purple Sunset 00:06:43   Progressive House
********** 23:50:18 -- Durée: 12 sec -- ADD   : TECHNO Label/Physique \\HOMERSTATION\_LossLess\TECHNO\Labels\Worakls\Worakls - Toi - Cerisier Blanc [Hungry Music] (2015) (12/16) *
********** 23:50:18 -- Durée: 0 sec -- Add album folder=sAlbum_Rep *****************************************************************************************

ID_CD Name                                           Qty_Tracks Qty_CD Qty_audio Qty_covers Year Length   Path                                                  
----- ----                                           ---------- ------ --------- ---------- ---- ------   ----                                                  
 4743 Worakls - Toi - Cerisier Blanc [Hungry Music]           2      1         2          1 2015 00:14:28 \\HOMERSTATION\_LossLess\TECHNO\Labels\Worakls\Wora...

ODR_Track FIL_Track                              TAG_Albumartists TAG_Artists TAG_Album            TAG_length TAG_Genres            
--------- ---------                              ---------------- ----------- ---------            ---------- ----------            
01        01. Toi (Original Mix).flac                             Worakls     Toi / Cerisier Blanc 00:07:09   Tech House            
02        02. Cerisier Blanc (Original Mix).flac                  Worakls     Toi / Cerisier Blanc 00:07:19   Indie Dance / Nu Disco
********** 23:50:19 -- Durée: 13 sec -- ADD   : TECHNO Download \\HOMERSTATION\_LossLess\TECHNO\Download\N'to - La Cle Des Champs [Hungry Music] (2016) (13/16) *
********** 23:50:19 -- Durée: 0 sec -- Add album folder=sAlbum_Rep *****************************************************************************************

ID_CD Name                                     Qty_Tracks Qty_CD Qty_audio Qty_covers Year Length   Path                                                        
----- ----                                     ---------- ------ --------- ---------- ---- ------   ----                                                        
 4744 N'to - La Cle Des Champs [Hungry Music]           2      1         2          1 2016 00:11:10 \\HOMERSTATION\_LossLess\TECHNO\Download\N'to - La Cle De...

ODR_Track FIL_Track                     TAG_Albumartists TAG_Artists TAG_Album         TAG_length TAG_Genres        
--------- ---------                     ---------------- ----------- ---------         ---------- ----------        
01        1. La Cle Des Champs.flac     N'TO             N'TO        La Cle Des Champs 00:06:56   Minimal/tech house
02        2. In The Mood For Noune.flac N'TO             N'TO        La Cle Des Champs 00:04:14   Minimal/tech house
********** 23:50:19 -- Durée: 13 sec -- ADD   : TECHNO Download \\HOMERSTATION\_LossLess\TECHNO\Download\Stereoclip - Airplane Lesson [Hungry Music] (2017) (14/16) *
********** 23:50:19 -- Durée: 0 sec -- Add album folder=sAlbum_Rep *****************************************************************************************

ID_CD Name                                         Qty_Tracks Qty_CD Qty_audio Qty_covers Year Length   Path                                                    
----- ----                                         ---------- ------ --------- ---------- ---- ------   ----                                                    
 4745 Stereoclip - Airplane Lesson [Hungry Music]           1      1         1          1 2017 00:04:12 \\HOMERSTATION\_LossLess\TECHNO\Download\Stereoclip -...

ODR_Track FIL_Track                TAG_Albumartists TAG_Artists TAG_Album       TAG_length TAG_Genres        
--------- ---------                ---------------- ----------- ---------       ---------- ----------        
01        01. Airplane Lesson.flac STEREOCLIP       STEREOCLIP  Airplane Lesson 00:04:12   Minimal/tech house
********** 23:50:20 -- Durée: 14 sec -- ADD   : TECHNO Download \\HOMERSTATION\_LossLess\TECHNO\Download\VA - Remix EP 01 [Hungry Music] (2016) (15/16) ****
********** 23:50:20 -- Durée: 0 sec -- Add album folder=sAlbum_Rep *****************************************************************************************

		  | Extraction Cover :\\HOMERSTATION\_LossLess\TECHNO\Download\VA - Remix EP 01 [Hungry Music] (2016)\cover.jpg

ID_CD Name                             Qty_Tracks Qty_CD Qty_audio Qty_covers Year Length   Path                                                                
----- ----                             ---------- ------ --------- ---------- ---- ------   ----                                                                
 4746 VA - Remix EP 01 [Hungry Music]           6      1         6          2 2016 00:41:24 \\HOMERSTATION\_LossLess\TECHNO\Download\VA - Remix EP 01 [Hungry...

ODR_Track FIL_Track                                                    TAG_Albumartists TAG_Artists    TAG_Album   TAG_length TAG_Genres
--------- ---------                                                    ---------------- -----------    ---------   ---------- ----------
01        01-Joachim Pastor - Joda (Worakls Remix).flac                Various Artists  Joachim Pastor Remix EP 01 00:05:38   Deep House
02        02-N'to - Chez Nous (Joachim Pastor Remix).flac              Various Artists  N'to           Remix EP 01 00:06:30   Deep House
03        03-Joachim Pastor - Taïga (N'to Remix).flac                  Various Artists  Joachim Pastor Remix EP 01 00:05:52   Deep House
04        04-Joachim Pastor - Oulan Bator (Oliver Koletzki Remix).flac Various Artists  Joachim Pastor Remix EP 01 00:07:07   Deep House
05        05-N'to - Petite (Einmusik Remix).flac                       Various Artists  N'to           Remix EP 01 00:08:28   Deep House
06        06-Worakls - Toi (Boris Brejcha Remix).flac                  Various Artists  Worakls        Remix EP 01 00:07:48   Deep House
********** 23:50:24 -- Durée: 18 sec -- UPDATE: 3135 (16/16) ***********************************************************************************************
...path modified \\HOMERSTATION\_LossLess\TECHNO\Download\Worakls - Rapafromage EP [Diva Records (Italy)] (2010)
...path not find: Delete Album
PS>Erreur de terminaison () : « Erreur système. »
********** 23:50:24 -- Durée: 18 sec -- END ****************************************************************************************************************
**********************
Fin de la transcription Windows PowerShell
Heure de fin : 20170829235024
**********************
