**********************
Début de la transcription Windows Powershell
Heure de début : 20170829235730
Nom d'utilisateur : ANTEC\Mister doubs
Utilisateur runAs : ANTEC\Mister doubs
Ordinateur : ANTEC (Microsoft Windows NT 10.0.14393.0)
Application hôte : powershell.exe -ExecutionPolicy Unrestricted -WindowStyle Hidden -File \\HOMERSTATION\_LossLess\_INVENT\DBAlbumsQT5\PS1\UPDATE_ALBUMS.ps1 -Envt LOSSLESS -TypeOpe "UPDATE|UPDATE|UPDATE|UPDATE|ADD|ADD" -AlbumInfos "792|4746|555|3790|\\HOMERSTATION\_LossLess\TECHNO\Labels\Worakls\Worakls - Adagio For Square [FFRR] (2015)|\\HOMERSTATION\_LossLess\TECHNO\Labels\Worakls\Worakls - Question Reponce [Hungry Music] (2015)" -Category "TECHNO|TECHNO|TECHNO|TRANCE|TECHNO|TECHNO" -Family "Download|Download|Physique|Label/Physique|Label/Physique|Label/Physique" -Force
ID de processus : 14924
PSVersion: 5.1.14393.1532
PSEdition: Desktop
PSCompatibleVersions: 1.0, 2.0, 3.0, 4.0, 5.0, 5.1.14393.1532
BuildVersion: 10.0.14393.1532
CLRVersion: 4.0.30319.42000
WSManStackVersion: 3.0
PSRemotingProtocolVersion: 2.3
SerializationVersion: 1.1.0.1
**********************

ModuleType Version    Name                                ExportedCommands
---------- -------    ----                                ----------------
Manifest   0.4        PSBanner                            {Get-FontFamilies, Write-Banner, psbanner}
********** 23:57:30 -- Durée: 0 sec -- START ADD_ALBUMS_LOSSLESS *******************************************************************************************
********** 23:57:31 -- Durée: 1 sec -- UPDATE: 792 (1/6) ***************************************************************************************************
#year
#pb tag track
PS>Erreur de terminaison () : « Erreur système. »
********** 23:57:32 -- Durée: 2 sec -- END *****************************************************************************************************************
**********************
Fin de la transcription Windows PowerShell
Heure de fin : 20170829235732
**********************
