**********************
Début de la transcription Windows Powershell
Heure de début : 20170901204338
Nom d'utilisateur : ANTEC\Mister doubs
Utilisateur runAs : ANTEC\Mister doubs
Ordinateur : ANTEC (Microsoft Windows NT 10.0.14393.0)
Application hôte : powershell.exe -ExecutionPolicy Unrestricted -WindowStyle Hidden -File \\HOMERSTATION\_LossLess\_INVENT\DBAlbumsQT5\PS1\UPDATE_ALBUMS.ps1 -Envt LOSSLESS -TypeOpe "ADD" -AlbumInfos "\\HOMERSTATION\_LossLess\TRANCE\Download\_2015_2019\Zyce, Inner Sphere - Spirits - Inner Sphere Remix [TechSafari Records] (2017)" -Category "TRANCE" -Family "Download" -Force
ID de processus : 14256
PSVersion: 5.1.14393.1532
PSEdition: Desktop
PSCompatibleVersions: 1.0, 2.0, 3.0, 4.0, 5.0, 5.1.14393.1532
BuildVersion: 10.0.14393.1532
CLRVersion: 4.0.30319.42000
WSManStackVersion: 3.0
PSRemotingProtocolVersion: 2.3
SerializationVersion: 1.1.0.1
**********************

ModuleType Version    Name                                ExportedCommands
---------- -------    ----                                ----------------
Manifest   0.4        PSBanner                            {Get-FontFamilies, Write-Banner, psbanner}
********** 20:43:38 -- Durée: 0 sec -- START ADD_ALBUMS_LOSSLESS *******************************************************************************************
********** 20:43:39 -- Durée: 2 sec -- ADD   : TRANCE Download \\HOMERSTATION\_LossLess\TRANCE\Download\_2015_2019\Zyce, Inner Sphere - Spirits - Inner Sphere Remix [TechSafari Records] (2017) (1/1) *
********** 20:43:39 -- Durée: 0 sec -- Add album folder=sAlbum_Rep *****************************************************************************************

ID_CD Name                                                                    Qty_Tracks Qty_CD Qty_audio Qty_covers Year Length   Path                         
----- ----                                                                    ---------- ------ --------- ---------- ---- ------   ----                         
 4749 Zyce, Inner Sphere - Spirits - Inner Sphere Remix [TechSafari Records]           1      1         1          1 2017 00:09:01 \\HOMERSTATION\_LossLess\T...

ODR_Track FIL_Track                                                   TAG_Albumartists    TAG_Artists         TAG_Album                       TAG_length TAG_Gen
                                                                                                                                                         res    
--------- ---------                                                   ----------------    -----------         ---------                       ---------- -------
01        01. Zyce & Inner Sphere - Spirits (Inner Sphere Remix).flac Zyce & Inner Sphere Zyce & Inner Sphere Spirits (Inner Sphere Remix) EP 00:09:01   Psy-...
********** 20:43:41 -- Durée: 4 sec -- END *****************************************************************************************************************
**********************
Fin de la transcription Windows PowerShell
Heure de fin : 20170901204341
**********************
