**********************
Début de la transcription Windows Powershell
Heure de début : 20170830000256
Nom d'utilisateur : ANTEC\Mister doubs
Utilisateur runAs : ANTEC\Mister doubs
Ordinateur : ANTEC (Microsoft Windows NT 10.0.14393.0)
Application hôte : powershell.exe -ExecutionPolicy Unrestricted -WindowStyle Hidden -File \\HOMERSTATION\_LossLess\_INVENT\DBAlbumsQT5\PS1\UPDATE_ALBUMS.ps1 -Envt LOSSLESS -TypeOpe "UPDATE|UPDATE|UPDATE|ADD|ADD" -AlbumInfos "4746|555|3790|\\HOMERSTATION\_LossLess\TECHNO\Labels\Worakls\Worakls - Adagio For Square [FFRR] (2015)|\\HOMERSTATION\_LossLess\TECHNO\Labels\Worakls\Worakls - Question Reponce [Hungry Music] (2015)" -Category "TECHNO|TECHNO|TRANCE|TECHNO|TECHNO" -Family "Download|Physique|Label/Physique|Label/Physique|Label/Physique" -Force
ID de processus : 11628
PSVersion: 5.1.14393.1532
PSEdition: Desktop
PSCompatibleVersions: 1.0, 2.0, 3.0, 4.0, 5.0, 5.1.14393.1532
BuildVersion: 10.0.14393.1532
CLRVersion: 4.0.30319.42000
WSManStackVersion: 3.0
PSRemotingProtocolVersion: 2.3
SerializationVersion: 1.1.0.1
**********************

ModuleType Version    Name                                ExportedCommands
---------- -------    ----                                ----------------
Manifest   0.4        PSBanner                            {Get-FontFamilies, Write-Banner, psbanner}
********** 00:02:56 -- Durée: 0 sec -- START ADD_ALBUMS_LOSSLESS *******************************************************************************************
********** 00:02:57 -- Durée: 1 sec -- UPDATE: 4746 (1/5) **************************************************************************************************

ID_CD Name                             Qty_Tracks Qty_CD Qty_audio Qty_covers Year Length   Path                                                                
----- ----                             ---------- ------ --------- ---------- ---- ------   ----                                                                
 4746 VA - Remix EP 01 [Hungry Music]           6      1         6          2 2016 00:41:24 \\HOMERSTATION\_LossLess\TECHNO\Download\VA - Remix EP 01 [Hungry...

ODR_Track FIL_Track                                                    TAG_Albumartists TAG_Artists    TAG_Album   TAG_length TAG_Genres
--------- ---------                                                    ---------------- -----------    ---------   ---------- ----------
01        01-Joachim Pastor - Joda (Worakls Remix).flac                Various Artists  Joachim Pastor Remix EP 01 00:05:38   Deep House
02        02-N'to - Chez Nous (Joachim Pastor Remix).flac              Various Artists  N'to           Remix EP 01 00:06:30   Deep House
03        03-Joachim Pastor - Taïga (N'to Remix).flac                  Various Artists  Joachim Pastor Remix EP 01 00:05:52   Deep House
04        04-Joachim Pastor - Oulan Bator (Oliver Koletzki Remix).flac Various Artists  Joachim Pastor Remix EP 01 00:07:07   Deep House
05        05-N'to - Petite (Einmusik Remix).flac                       Various Artists  N'to           Remix EP 01 00:08:28   Deep House
06        06-Worakls - Toi (Boris Brejcha Remix).flac                  Various Artists  Worakls        Remix EP 01 00:07:48   Deep House
********** 00:02:59 -- Durée: 3 sec -- UPDATE: 555 (2/5) ***************************************************************************************************

ID_CD Name             Qty_Tracks Qty_CD Qty_audio Qty_covers Year Length   Path                                                               
----- ----             ---------- ------ --------- ---------- ---- ------   ----                                                               
  555 Fluke - Risotto          10      1        10         12 1997 01:13:28 \\HOMERSTATION\_LossLess\TECHNO\Colonne 5\04\Fluke - Risotto (1997)

ODR_Track FIL_Track                         TAG_Albumartists TAG_Artists TAG_Album TAG_length TAG_Genres               
--------- ---------                         ---------------- ----------- --------- ---------- ----------               
1-01      Fluke - 01 - Absurd.flac          Fluke Fluke      Fluke       Risotto   00:05:49   Techno/Downtempo/Big Beat
1-02      Fluke - 02 - Atom Bomb.flac       Fluke Fluke      Fluke       Risotto   00:05:45   Techno/Downtempo/Big Beat
1-03      Fluke - 03 - Kitten Moon.flac     Fluke Fluke      Fluke       Risotto   00:09:18   Techno/Downtempo/Big Beat
1-04      Fluke - 04 - Mosh.flac            Fluke Fluke      Fluke       Risotto   00:06:21   Techno/Downtempo/Big Beat
1-05      Fluke - 05 - Bermuda.flac         Fluke Fluke      Fluke       Risotto   00:07:57   Techno/Downtempo/Big Beat
1-06      Fluke - 06 - Set Back.flac        Fluke Fluke      Fluke       Risotto   00:08:55   Techno/Downtempo/Big Beat
1-07      Fluke - 07 - Amp.flac             Fluke Fluke      Fluke       Risotto   00:08:10   Techno/Downtempo/Big Beat
1-08      Fluke - 08 - Reeferendrum.flac    Fluke Fluke      Fluke       Risotto   00:07:22   Techno/Downtempo/Big Beat
1-09      Fluke - 09 - Squirt.flac          Fluke Fluke      Fluke       Risotto   00:06:16   Techno/Downtempo/Big Beat
1-10      Fluke - 10 - Goodnight Lover.flac Fluke Fluke      Fluke       Risotto   00:07:35   Techno/Downtempo/Big Beat
********** 00:03:02 -- Durée: 6 sec -- UPDATE: 3790 (3/5) **************************************************************************************************

ID_CD Name                  Qty_Tracks Qty_CD Qty_audio Qty_covers Year Length   Path                                                                           
----- ----                  ---------- ------ --------- ---------- ---- ------   ----                                                                           
 3790 Space Cat - Power Up           3      1         3          2 2002 00:23:06 \\HOMERSTATION\_LossLess\TRANCE\Labels\YoYo Records\[YOYOCS03] Space Cat - P...

ODR_Track FIL_Track                        TAG_Albumartists TAG_Artists TAG_Album TAG_length TAG_Genres
--------- ---------                        ---------------- ----------- --------- ---------- ----------
1-01      01_Power_up.flac                 Space Cat        Space Cat   Power Up  00:08:22   Goa Trance
1-02      02_Power_up_(Oforia_rmx).flac    Space Cat        Space Cat   Power Up  00:08:02   Goa Trance
1-03      03_Power_up_(Psy_craft_rmx).flac Space Cat        Space Cat   Power Up  00:06:41   Goa Trance
********** 00:03:03 -- Durée: 7 sec -- ADD   : TECHNO Label/Physique \\HOMERSTATION\_LossLess\TECHNO\Labels\Worakls\Worakls - Adagio For Square [FFRR] (2015) (4/5) *
********** 00:03:03 -- Durée: 0 sec -- Add album folder=sAlbum_Rep *****************************************************************************************

ID_CD Name                                Qty_Tracks Qty_CD Qty_audio Qty_covers Year Length   Path                                                             
----- ----                                ---------- ------ --------- ---------- ---- ------   ----                                                             
 4747 Worakls - Adagio For Square [FFRR]           2      1         2          1 2015 00:14:28 \\HOMERSTATION\_LossLess\TECHNO\Labels\Worakls\Worakls - Adagi...

ODR_Track FIL_Track                                 TAG_Albumartists TAG_Artists TAG_Album         TAG_length TAG_Genres
--------- ---------                                 ---------------- ----------- ---------         ---------- ----------
01        01. Adagio For Square (Original Mix).flac                  Worakls     Adagio For Square 00:05:41   Tech House
02        02. Adagio For Square (Club Mix).flac                      Worakls     Adagio For Square 00:08:47   Deep House
********** 00:03:04 -- Durée: 7 sec -- ADD   : TECHNO Label/Physique \\HOMERSTATION\_LossLess\TECHNO\Labels\Worakls\Worakls - Question Reponce [Hungry Music] (2015) (5/5) *
********** 00:03:04 -- Durée: 0 sec -- Add album folder=sAlbum_Rep *****************************************************************************************

ID_CD Name                                       Qty_Tracks Qty_CD Qty_audio Qty_covers Year Length   Path                                                      
----- ----                                       ---------- ------ --------- ---------- ---- ------   ----                                                      
 4748 Worakls - Question Reponce [Hungry Music]           2      1         2          1 2015 00:16:16 \\HOMERSTATION\_LossLess\TECHNO\Labels\Worakls\Worakls ...

ODR_Track FIL_Track                                TAG_Albumartists TAG_Artists TAG_Album        TAG_length TAG_Genres
--------- ---------                                ---------------- ----------- ---------        ---------- ----------
01        01. Question Reponse (Original Mix).flac                  Worakls     Question Reponse 00:06:07   Deep House
02        02. From Now On (Original Mix).flac                       Worakls     Question Reponse 00:10:10   Tech House
********** 00:03:05 -- Durée: 9 sec -- END *****************************************************************************************************************
**********************
Fin de la transcription Windows PowerShell
Heure de fin : 20170830000305
**********************
